2014-05-28 16:07:32,261 [Worker-9] INFO  o.e.m.c.i.l.LifecycleMappingFactory - Using NULL lifecycle mapping for MavenProject: org.jboss.tools.example:ams-quark-1:0.0.1-SNAPSHOT @ /home/desertfox/Univer/Dresden/cbse/quark/ams-quark-1/pom.xml.
2014-05-28 16:07:33,601 [Worker-6] INFO  o.e.m.c.i.l.LifecycleMappingFactory - Using NULL lifecycle mapping for MavenProject: org.jboss.tools.example:ams-quark-1:0.0.1-SNAPSHOT @ /home/desertfox/Univer/Dresden/cbse/quark/ams-quark-1/pom.xml.
2014-05-28 16:08:22,498 [Worker-0] INFO  c.n.h.c.p.n.NettyAsyncHttpProvider - Number of application's worked threads is 8
2014-05-28 16:09:23,702 [Worker-4] INFO  c.n.h.c.p.n.NettyAsyncHttpProvider - Number of application's worked threads is 8
2014-05-28 16:10:48,249 [ModalContext] INFO  o.e.m.c.i.p.ProjectConfigurationManager - Collecting project info '/pom.xml' /home/desertfox/Univer/Dresden/cbse/quark/ams-quark-1/pom.xml
2014-05-28 16:10:48,250 [ModalContext] INFO  o.e.m.c.i.p.ProjectConfigurationManager - Collecting project info 'ejb/pom.xml' /home/desertfox/Univer/Dresden/cbse/quark/ams-quark-1/ejb/pom.xml
2014-05-28 16:10:48,250 [ModalContext] INFO  o.e.m.c.i.p.ProjectConfigurationManager - Collecting project info 'web/pom.xml' /home/desertfox/Univer/Dresden/cbse/quark/ams-quark-1/web/pom.xml
2014-05-28 16:10:48,250 [ModalContext] INFO  o.e.m.c.i.p.ProjectConfigurationManager - Collecting project info 'ear/pom.xml' /home/desertfox/Univer/Dresden/cbse/quark/ams-quark-1/ear/pom.xml
2014-05-28 16:10:48,811 [ModalContext] INFO  o.e.m.c.i.l.LifecycleMappingFactory - Using NULL lifecycle mapping for MavenProject: edu.quark:ams-quark-1:0.0.1-SNAPSHOT @ /home/desertfox/Univer/Dresden/cbse/quark/ams-quark-1/pom.xml.
2014-05-28 16:10:49,338 [ModalContext] INFO  o.e.m.c.i.l.LifecycleMappingFactory - Using org.maven.ide.eclipse.wtp.EjbLifecycleMapping lifecycle mapping for MavenProject: edu.quark:ams-quark-1-ejb:0.0.1-SNAPSHOT @ /home/desertfox/Univer/Dresden/cbse/quark/ams-quark-1/ejb/pom.xml.
2014-05-28 16:10:50,299 [ModalContext] INFO  o.e.m.c.i.l.LifecycleMappingFactory - Using org.maven.ide.eclipse.wtp.WarLifecycleMapping lifecycle mapping for MavenProject: edu.quark:ams-quark-1-web:0.0.1-SNAPSHOT @ /home/desertfox/Univer/Dresden/cbse/quark/ams-quark-1/web/pom.xml.
2014-05-28 16:10:50,371 [ModalContext] INFO  o.e.m.c.i.l.LifecycleMappingFactory - Using org.maven.ide.eclipse.wtp.EarLifecycleMapping lifecycle mapping for MavenProject: edu.quark:ams-quark-1-ear:0.0.1-SNAPSHOT @ /home/desertfox/Univer/Dresden/cbse/quark/ams-quark-1/ear/pom.xml.
2014-05-28 16:10:51,062 [ModalContext] INFO  o.e.m.j.i.AbstractJavaProjectConfigurator - Adding source folder /ams-quark-1-ejb/src/main/java
2014-05-28 16:10:51,062 [ModalContext] INFO  o.e.m.j.i.AbstractJavaProjectConfigurator - Adding resource folder /ams-quark-1-ejb/src/main/resources
2014-05-28 16:10:51,064 [ModalContext] INFO  o.e.m.j.i.AbstractJavaProjectConfigurator - Adding source folder /ams-quark-1-ejb/src/test/java
2014-05-28 16:10:51,064 [ModalContext] INFO  o.e.m.j.i.AbstractJavaProjectConfigurator - Adding resource folder /ams-quark-1-ejb/src/test/resources
2014-05-28 16:10:52,173 [ModalContext] INFO  o.e.m.j.i.AbstractJavaProjectConfigurator - Adding source folder /ams-quark-1-web/src/main/java
2014-05-28 16:10:52,173 [ModalContext] INFO  o.e.m.j.i.AbstractJavaProjectConfigurator - Adding resource folder /ams-quark-1-web/src/main/resources
2014-05-28 16:10:52,175 [ModalContext] INFO  o.e.m.j.i.AbstractJavaProjectConfigurator - Adding source folder /ams-quark-1-web/src/test/java
2014-05-28 16:10:52,175 [ModalContext] INFO  o.e.m.j.i.AbstractJavaProjectConfigurator - Adding resource folder /ams-quark-1-web/src/test/resources
2014-05-28 16:10:52,789 [ModalContext] INFO  o.e.m.c.i.p.ProjectConfigurationManager - Project import completed 4 sec
2014-05-28 16:10:53,627 [Worker-9] INFO  o.e.m.c.i.l.LifecycleMappingFactory - Using org.maven.ide.eclipse.wtp.EarLifecycleMapping lifecycle mapping for MavenProject: edu.quark:ams-quark-1-ear:0.0.1-SNAPSHOT @ /home/desertfox/Univer/Dresden/cbse/quark/ams-quark-1/ear/pom.xml.
2014-05-28 16:10:54,279 [Worker-9] INFO  o.e.m.c.i.embedder.EclipseLogger - Generating application.xml
2014-05-28 16:10:54,720 [Worker-9] INFO  o.e.m.c.i.embedder.EclipseLogger - Using 'UTF-8' encoding to copy filtered resources.
2014-05-28 16:10:54,721 [Worker-9] INFO  o.e.m.c.i.embedder.EclipseLogger - skip non existing resourceDirectory /home/desertfox/Univer/Dresden/cbse/quark/ams-quark-1/ear/src/main/resources
2014-05-28 16:10:55,494 [Worker-9] INFO  o.e.m.c.i.l.LifecycleMappingFactory - Using org.maven.ide.eclipse.wtp.EjbLifecycleMapping lifecycle mapping for MavenProject: edu.quark:ams-quark-1-ejb:0.0.1-SNAPSHOT @ /home/desertfox/Univer/Dresden/cbse/quark/ams-quark-1/ejb/pom.xml.
2014-05-28 16:10:57,373 [Worker-9] INFO  o.e.m.c.i.embedder.EclipseLogger - Using 'UTF-8' encoding to copy filtered resources.
2014-05-28 16:10:57,858 [Worker-9] INFO  o.e.m.c.i.embedder.EclipseLogger - Copying 2 resources
2014-05-28 16:10:57,892 [Worker-9] INFO  o.e.m.c.i.embedder.EclipseLogger - Using 'UTF-8' encoding to copy filtered resources.
2014-05-28 16:10:57,893 [Worker-9] INFO  o.e.m.c.i.embedder.EclipseLogger - Copying 3 resources
2014-05-28 16:10:58,454 [Worker-0] INFO  o.e.m.c.i.l.LifecycleMappingFactory - Using NULL lifecycle mapping for MavenProject: edu.quark:ams-quark-1:0.0.1-SNAPSHOT @ /home/desertfox/Univer/Dresden/cbse/quark/ams-quark-1/pom.xml.
2014-05-28 16:10:58,625 [Worker-0] INFO  o.e.m.c.i.l.LifecycleMappingFactory - Using org.maven.ide.eclipse.wtp.WarLifecycleMapping lifecycle mapping for MavenProject: edu.quark:ams-quark-1-web:0.0.1-SNAPSHOT @ /home/desertfox/Univer/Dresden/cbse/quark/ams-quark-1/web/pom.xml.
2014-05-28 16:10:58,859 [Worker-0] INFO  o.e.m.c.i.l.LifecycleMappingFactory - Using org.maven.ide.eclipse.wtp.EarLifecycleMapping lifecycle mapping for MavenProject: edu.quark:ams-quark-1-ear:0.0.1-SNAPSHOT @ /home/desertfox/Univer/Dresden/cbse/quark/ams-quark-1/ear/pom.xml.
2014-05-28 16:10:58,978 [Worker-0] INFO  o.e.m.c.i.l.LifecycleMappingFactory - Using org.maven.ide.eclipse.wtp.EjbLifecycleMapping lifecycle mapping for MavenProject: edu.quark:ams-quark-1-ejb:0.0.1-SNAPSHOT @ /home/desertfox/Univer/Dresden/cbse/quark/ams-quark-1/ejb/pom.xml.
2014-05-28 16:10:59,622 [Worker-9] INFO  o.e.m.c.i.l.LifecycleMappingFactory - Using org.maven.ide.eclipse.wtp.WarLifecycleMapping lifecycle mapping for MavenProject: edu.quark:ams-quark-1-web:0.0.1-SNAPSHOT @ /home/desertfox/Univer/Dresden/cbse/quark/ams-quark-1/web/pom.xml.
2014-05-28 16:11:00,997 [Worker-9] INFO  o.e.m.c.i.embedder.EclipseLogger - Using 'UTF-8' encoding to copy filtered resources.
2014-05-28 16:11:00,998 [Worker-9] INFO  o.e.m.c.i.embedder.EclipseLogger - Copying 0 resource
2014-05-28 16:11:01,000 [Worker-9] INFO  o.e.m.c.i.embedder.EclipseLogger - Using 'UTF-8' encoding to copy filtered resources.
2014-05-28 16:11:01,000 [Worker-9] INFO  o.e.m.c.i.embedder.EclipseLogger - Copying 0 resource
2014-05-28 16:11:01,661 [Worker-23] INFO  o.e.m.c.i.l.LifecycleMappingFactory - Using NULL lifecycle mapping for MavenProject: edu.quark:ams-quark-1:0.0.1-SNAPSHOT @ /home/desertfox/Univer/Dresden/cbse/quark/ams-quark-1/pom.xml.
2014-05-28 16:11:01,703 [Worker-23] INFO  o.e.m.c.i.l.LifecycleMappingFactory - Using org.maven.ide.eclipse.wtp.EarLifecycleMapping lifecycle mapping for MavenProject: edu.quark:ams-quark-1-ear:0.0.1-SNAPSHOT @ /home/desertfox/Univer/Dresden/cbse/quark/ams-quark-1/ear/pom.xml.
2014-05-28 16:11:01,814 [Worker-23] INFO  o.e.m.c.i.l.LifecycleMappingFactory - Using org.maven.ide.eclipse.wtp.EjbLifecycleMapping lifecycle mapping for MavenProject: edu.quark:ams-quark-1-ejb:0.0.1-SNAPSHOT @ /home/desertfox/Univer/Dresden/cbse/quark/ams-quark-1/ejb/pom.xml.
2014-05-28 16:11:02,540 [Worker-23] INFO  o.e.m.c.i.l.LifecycleMappingFactory - Using org.maven.ide.eclipse.wtp.WarLifecycleMapping lifecycle mapping for MavenProject: edu.quark:ams-quark-1-web:0.0.1-SNAPSHOT @ /home/desertfox/Univer/Dresden/cbse/quark/ams-quark-1/web/pom.xml.
2014-05-28 16:11:02,625 [Worker-23] INFO  o.e.m.c.i.l.LifecycleMappingFactory - Using org.maven.ide.eclipse.wtp.EarLifecycleMapping lifecycle mapping for MavenProject: edu.quark:ams-quark-1-ear:0.0.1-SNAPSHOT @ /home/desertfox/Univer/Dresden/cbse/quark/ams-quark-1/ear/pom.xml.
2014-05-28 16:11:03,081 [Worker-23] INFO  o.e.m.c.i.l.LifecycleMappingFactory - Using org.maven.ide.eclipse.wtp.EjbLifecycleMapping lifecycle mapping for MavenProject: edu.quark:ams-quark-1-ejb:0.0.1-SNAPSHOT @ /home/desertfox/Univer/Dresden/cbse/quark/ams-quark-1/ejb/pom.xml.
2014-05-28 16:11:03,742 [Worker-23] INFO  o.e.m.c.i.l.LifecycleMappingFactory - Using org.maven.ide.eclipse.wtp.WarLifecycleMapping lifecycle mapping for MavenProject: edu.quark:ams-quark-1-web:0.0.1-SNAPSHOT @ /home/desertfox/Univer/Dresden/cbse/quark/ams-quark-1/web/pom.xml.
2014-05-28 16:11:04,042 [Worker-23] INFO  o.e.m.c.i.embedder.EclipseLogger - Generating application.xml
2014-05-28 16:12:20,824 [Worker-24] INFO  o.e.m.c.i.embedder.EclipseLogger - Using 'UTF-8' encoding to copy filtered resources.
2014-05-28 16:12:20,824 [Worker-24] INFO  o.e.m.c.i.embedder.EclipseLogger - skip non existing resourceDirectory /home/desertfox/Univer/Dresden/cbse/quark/ams-quark-1/ear/src/main/resources
2014-05-28 16:12:20,849 [Worker-24] INFO  o.e.m.c.i.embedder.EclipseLogger - Using 'UTF-8' encoding to copy filtered resources.
2014-05-28 16:12:20,850 [Worker-24] INFO  o.e.m.c.i.embedder.EclipseLogger - Copying 0 resource
2014-05-28 16:12:20,851 [Worker-24] INFO  o.e.m.c.i.embedder.EclipseLogger - Using 'UTF-8' encoding to copy filtered resources.
2014-05-28 16:12:20,851 [Worker-24] INFO  o.e.m.c.i.embedder.EclipseLogger - Copying 0 resource
2014-05-28 16:12:20,932 [Worker-24] INFO  o.e.m.c.i.embedder.EclipseLogger - Using 'UTF-8' encoding to copy filtered resources.
2014-05-28 16:12:20,932 [Worker-24] INFO  o.e.m.c.i.embedder.EclipseLogger - Copying 0 resource
2014-05-28 16:12:20,934 [Worker-24] INFO  o.e.m.c.i.embedder.EclipseLogger - Using 'UTF-8' encoding to copy filtered resources.
2014-05-28 16:12:20,934 [Worker-24] INFO  o.e.m.c.i.embedder.EclipseLogger - Copying 0 resource
2014-05-28 16:13:00,073 [Worker-22] INFO  o.e.m.c.i.embedder.EclipseLogger - Using 'UTF-8' encoding to copy filtered resources.
2014-05-28 16:13:00,075 [Worker-22] INFO  o.e.m.c.i.embedder.EclipseLogger - Copying 2 resources
2014-05-28 16:13:00,076 [Worker-22] INFO  o.e.m.c.i.embedder.EclipseLogger - Using 'UTF-8' encoding to copy filtered resources.
2014-05-28 16:13:00,077 [Worker-22] INFO  o.e.m.c.i.embedder.EclipseLogger - Copying 0 resource
2014-05-28 16:13:21,002 [Worker-18] INFO  o.e.m.c.i.embedder.EclipseLogger - Using 'UTF-8' encoding to copy filtered resources.
2014-05-28 16:13:21,003 [Worker-18] INFO  o.e.m.c.i.embedder.EclipseLogger - Copying 2 resources
2014-05-28 16:13:21,005 [Worker-18] INFO  o.e.m.c.i.embedder.EclipseLogger - Using 'UTF-8' encoding to copy filtered resources.
2014-05-28 16:13:21,005 [Worker-18] INFO  o.e.m.c.i.embedder.EclipseLogger - Copying 0 resource
2014-05-28 16:14:10,813 [Worker-24] INFO  o.e.m.c.i.embedder.EclipseLogger - Using 'UTF-8' encoding to copy filtered resources.
2014-05-28 16:14:10,813 [Worker-24] INFO  o.e.m.c.i.embedder.EclipseLogger - Copying 0 resource
2014-05-28 16:14:10,815 [Worker-24] INFO  o.e.m.c.i.embedder.EclipseLogger - Using 'UTF-8' encoding to copy filtered resources.
2014-05-28 16:14:10,815 [Worker-24] INFO  o.e.m.c.i.embedder.EclipseLogger - Copying 0 resource
2014-05-28 16:14:56,334 [Worker-7] INFO  o.e.m.c.i.embedder.EclipseLogger - Using 'UTF-8' encoding to copy filtered resources.
2014-05-28 16:14:56,334 [Worker-7] INFO  o.e.m.c.i.embedder.EclipseLogger - Copying 0 resource
2014-05-28 16:14:56,337 [Worker-7] INFO  o.e.m.c.i.embedder.EclipseLogger - Using 'UTF-8' encoding to copy filtered resources.
2014-05-28 16:14:56,338 [Worker-7] INFO  o.e.m.c.i.embedder.EclipseLogger - Copying 0 resource
2014-05-28 16:15:50,169 [Worker-16] INFO  o.e.m.c.i.embedder.EclipseLogger - Using 'UTF-8' encoding to copy filtered resources.
2014-05-28 16:15:50,169 [Worker-16] INFO  o.e.m.c.i.embedder.EclipseLogger - Copying 0 resource
2014-05-28 16:15:50,170 [Worker-16] INFO  o.e.m.c.i.embedder.EclipseLogger - Using 'UTF-8' encoding to copy filtered resources.
2014-05-28 16:15:50,170 [Worker-16] INFO  o.e.m.c.i.embedder.EclipseLogger - Copying 0 resource
2014-05-28 16:16:10,056 [Worker-7] INFO  o.e.m.c.i.embedder.EclipseLogger - Using 'UTF-8' encoding to copy filtered resources.
2014-05-28 16:16:10,056 [Worker-7] INFO  o.e.m.c.i.embedder.EclipseLogger - Copying 0 resource
2014-05-28 16:16:10,057 [Worker-7] INFO  o.e.m.c.i.embedder.EclipseLogger - Using 'UTF-8' encoding to copy filtered resources.
2014-05-28 16:16:10,058 [Worker-7] INFO  o.e.m.c.i.embedder.EclipseLogger - Copying 0 resource
2014-05-28 16:16:44,263 [Worker-19] INFO  o.e.m.c.i.embedder.EclipseLogger - Using 'UTF-8' encoding to copy filtered resources.
2014-05-28 16:16:44,263 [Worker-19] INFO  o.e.m.c.i.embedder.EclipseLogger - Copying 0 resource
2014-05-28 16:16:44,264 [Worker-19] INFO  o.e.m.c.i.embedder.EclipseLogger - Using 'UTF-8' encoding to copy filtered resources.
2014-05-28 16:16:44,264 [Worker-19] INFO  o.e.m.c.i.embedder.EclipseLogger - Copying 0 resource
2014-05-28 16:16:50,946 [Worker-14] INFO  o.e.m.c.i.embedder.EclipseLogger - Using 'UTF-8' encoding to copy filtered resources.
2014-05-28 16:16:50,946 [Worker-14] INFO  o.e.m.c.i.embedder.EclipseLogger - Copying 0 resource
2014-05-28 16:16:50,947 [Worker-14] INFO  o.e.m.c.i.embedder.EclipseLogger - Using 'UTF-8' encoding to copy filtered resources.
2014-05-28 16:16:50,947 [Worker-14] INFO  o.e.m.c.i.embedder.EclipseLogger - Copying 0 resource
2014-05-28 16:18:29,041 [Worker-14] INFO  o.e.m.c.i.embedder.EclipseLogger - Using 'UTF-8' encoding to copy filtered resources.
2014-05-28 16:18:29,042 [Worker-14] INFO  o.e.m.c.i.embedder.EclipseLogger - Copying 0 resource
2014-05-28 16:18:29,043 [Worker-14] INFO  o.e.m.c.i.embedder.EclipseLogger - Using 'UTF-8' encoding to copy filtered resources.
2014-05-28 16:18:29,044 [Worker-14] INFO  o.e.m.c.i.embedder.EclipseLogger - Copying 0 resource
2014-05-28 16:18:46,362 [Worker-7] INFO  o.e.m.c.i.embedder.EclipseLogger - Using 'UTF-8' encoding to copy filtered resources.
2014-05-28 16:18:46,362 [Worker-7] INFO  o.e.m.c.i.embedder.EclipseLogger - Copying 0 resource
2014-05-28 16:18:46,364 [Worker-7] INFO  o.e.m.c.i.embedder.EclipseLogger - Using 'UTF-8' encoding to copy filtered resources.
2014-05-28 16:18:46,364 [Worker-7] INFO  o.e.m.c.i.embedder.EclipseLogger - Copying 0 resource
2014-05-28 16:21:27,989 [Worker-19] INFO  o.e.m.c.i.embedder.EclipseLogger - Using 'UTF-8' encoding to copy filtered resources.
2014-05-28 16:21:27,989 [Worker-19] INFO  o.e.m.c.i.embedder.EclipseLogger - Copying 0 resource
2014-05-28 16:21:27,991 [Worker-19] INFO  o.e.m.c.i.embedder.EclipseLogger - Using 'UTF-8' encoding to copy filtered resources.
2014-05-28 16:21:27,991 [Worker-19] INFO  o.e.m.c.i.embedder.EclipseLogger - Copying 0 resource
2014-05-28 16:23:29,255 [Worker-19] INFO  o.e.m.c.i.embedder.EclipseLogger - Using 'UTF-8' encoding to copy filtered resources.
2014-05-28 16:23:29,255 [Worker-19] INFO  o.e.m.c.i.embedder.EclipseLogger - Copying 0 resource
2014-05-28 16:23:29,257 [Worker-19] INFO  o.e.m.c.i.embedder.EclipseLogger - Using 'UTF-8' encoding to copy filtered resources.
2014-05-28 16:23:29,257 [Worker-19] INFO  o.e.m.c.i.embedder.EclipseLogger - Copying 0 resource
2014-05-28 16:27:46,289 [Worker-27] INFO  o.e.m.c.i.embedder.EclipseLogger - Using 'UTF-8' encoding to copy filtered resources.
2014-05-28 16:27:46,289 [Worker-27] INFO  o.e.m.c.i.embedder.EclipseLogger - Copying 0 resource
2014-05-28 16:27:46,290 [Worker-27] INFO  o.e.m.c.i.embedder.EclipseLogger - Using 'UTF-8' encoding to copy filtered resources.
2014-05-28 16:27:46,290 [Worker-27] INFO  o.e.m.c.i.embedder.EclipseLogger - Copying 0 resource
2014-05-28 16:28:02,965 [Worker-9] INFO  o.e.m.c.i.embedder.EclipseLogger - Using 'UTF-8' encoding to copy filtered resources.
2014-05-28 16:28:02,965 [Worker-9] INFO  o.e.m.c.i.embedder.EclipseLogger - Copying 0 resource
2014-05-28 16:28:02,966 [Worker-9] INFO  o.e.m.c.i.embedder.EclipseLogger - Using 'UTF-8' encoding to copy filtered resources.
2014-05-28 16:28:02,966 [Worker-9] INFO  o.e.m.c.i.embedder.EclipseLogger - Copying 0 resource
2014-05-28 16:30:33,835 [Worker-28] INFO  o.e.m.c.i.embedder.EclipseLogger - Using 'UTF-8' encoding to copy filtered resources.
2014-05-28 16:30:33,835 [Worker-28] INFO  o.e.m.c.i.embedder.EclipseLogger - Copying 0 resource
2014-05-28 16:30:33,836 [Worker-28] INFO  o.e.m.c.i.embedder.EclipseLogger - Using 'UTF-8' encoding to copy filtered resources.
2014-05-28 16:30:33,836 [Worker-28] INFO  o.e.m.c.i.embedder.EclipseLogger - Copying 0 resource
2014-05-28 16:32:42,706 [Worker-32] INFO  o.e.m.c.i.embedder.EclipseLogger - Using 'UTF-8' encoding to copy filtered resources.
2014-05-28 16:32:42,707 [Worker-32] INFO  o.e.m.c.i.embedder.EclipseLogger - Copying 0 resource
2014-05-28 16:32:42,708 [Worker-32] INFO  o.e.m.c.i.embedder.EclipseLogger - Using 'UTF-8' encoding to copy filtered resources.
2014-05-28 16:32:42,709 [Worker-32] INFO  o.e.m.c.i.embedder.EclipseLogger - Copying 0 resource
2014-05-28 16:34:03,333 [Worker-26] INFO  o.e.m.c.i.embedder.EclipseLogger - Using 'UTF-8' encoding to copy filtered resources.
2014-05-28 16:34:03,333 [Worker-26] INFO  o.e.m.c.i.embedder.EclipseLogger - Copying 0 resource
2014-05-28 16:34:03,334 [Worker-26] INFO  o.e.m.c.i.embedder.EclipseLogger - Using 'UTF-8' encoding to copy filtered resources.
2014-05-28 16:34:03,334 [Worker-26] INFO  o.e.m.c.i.embedder.EclipseLogger - Copying 0 resource
2014-05-28 16:37:24,316 [Worker-36] INFO  o.e.m.c.i.embedder.EclipseLogger - Using 'UTF-8' encoding to copy filtered resources.
2014-05-28 16:37:24,316 [Worker-36] INFO  o.e.m.c.i.embedder.EclipseLogger - Copying 0 resource
2014-05-28 16:37:24,317 [Worker-36] INFO  o.e.m.c.i.embedder.EclipseLogger - Using 'UTF-8' encoding to copy filtered resources.
2014-05-28 16:37:24,317 [Worker-36] INFO  o.e.m.c.i.embedder.EclipseLogger - Copying 0 resource
2014-05-28 16:38:26,740 [Worker-26] INFO  o.e.m.c.i.embedder.EclipseLogger - Using 'UTF-8' encoding to copy filtered resources.
2014-05-28 16:38:26,741 [Worker-26] INFO  o.e.m.c.i.embedder.EclipseLogger - Copying 0 resource
2014-05-28 16:38:26,742 [Worker-26] INFO  o.e.m.c.i.embedder.EclipseLogger - Using 'UTF-8' encoding to copy filtered resources.
2014-05-28 16:38:26,743 [Worker-26] INFO  o.e.m.c.i.embedder.EclipseLogger - Copying 0 resource
2014-05-28 16:39:04,380 [Worker-37] INFO  o.e.m.c.i.embedder.EclipseLogger - Using 'UTF-8' encoding to copy filtered resources.
2014-05-28 16:39:04,380 [Worker-37] INFO  o.e.m.c.i.embedder.EclipseLogger - Copying 0 resource
2014-05-28 16:39:04,381 [Worker-37] INFO  o.e.m.c.i.embedder.EclipseLogger - Using 'UTF-8' encoding to copy filtered resources.
2014-05-28 16:39:04,382 [Worker-37] INFO  o.e.m.c.i.embedder.EclipseLogger - Copying 0 resource
2014-05-28 16:39:05,598 [Worker-36] INFO  o.e.m.c.i.embedder.EclipseLogger - Using 'UTF-8' encoding to copy filtered resources.
2014-05-28 16:39:05,599 [Worker-36] INFO  o.e.m.c.i.embedder.EclipseLogger - Copying 0 resource
2014-05-28 16:39:05,600 [Worker-36] INFO  o.e.m.c.i.embedder.EclipseLogger - Using 'UTF-8' encoding to copy filtered resources.
2014-05-28 16:39:05,600 [Worker-36] INFO  o.e.m.c.i.embedder.EclipseLogger - Copying 0 resource
2014-05-28 16:39:05,631 [Worker-36] INFO  o.e.m.c.i.embedder.EclipseLogger - Using 'UTF-8' encoding to copy filtered resources.
2014-05-28 16:39:05,631 [Worker-36] INFO  o.e.m.c.i.embedder.EclipseLogger - Copying 0 resource
2014-05-28 16:39:05,633 [Worker-36] INFO  o.e.m.c.i.embedder.EclipseLogger - Using 'UTF-8' encoding to copy filtered resources.
2014-05-28 16:39:05,634 [Worker-36] INFO  o.e.m.c.i.embedder.EclipseLogger - Copying 0 resource
2014-05-28 16:39:22,102 [Worker-26] INFO  o.e.m.c.i.embedder.EclipseLogger - Using 'UTF-8' encoding to copy filtered resources.
2014-05-28 16:39:22,102 [Worker-26] INFO  o.e.m.c.i.embedder.EclipseLogger - Copying 0 resource
2014-05-28 16:39:22,103 [Worker-26] INFO  o.e.m.c.i.embedder.EclipseLogger - Using 'UTF-8' encoding to copy filtered resources.
2014-05-28 16:39:22,103 [Worker-26] INFO  o.e.m.c.i.embedder.EclipseLogger - Copying 0 resource
2014-05-28 16:40:19,490 [Worker-38] INFO  o.e.m.c.i.l.LifecycleMappingFactory - Using org.maven.ide.eclipse.wtp.WarLifecycleMapping lifecycle mapping for MavenProject: edu.quark:ams-quark-1-web:0.0.1-SNAPSHOT @ /home/desertfox/Univer/Dresden/cbse/quark/ams-quark-1/web/pom.xml.
2014-05-28 16:40:19,666 [Worker-38] INFO  o.e.m.c.i.embedder.EclipseLogger - Using 'UTF-8' encoding to copy filtered resources.
2014-05-28 16:40:19,666 [Worker-38] INFO  o.e.m.c.i.embedder.EclipseLogger - Copying 0 resource
2014-05-28 16:40:19,668 [Worker-38] INFO  o.e.m.c.i.embedder.EclipseLogger - Using 'UTF-8' encoding to copy filtered resources.
2014-05-28 16:40:19,668 [Worker-38] INFO  o.e.m.c.i.embedder.EclipseLogger - Copying 0 resource
2014-05-28 16:41:13,821 [Worker-26] INFO  o.e.m.c.i.embedder.EclipseLogger - Using 'UTF-8' encoding to copy filtered resources.
2014-05-28 16:41:13,821 [Worker-26] INFO  o.e.m.c.i.embedder.EclipseLogger - Copying 0 resource
2014-05-28 16:41:13,822 [Worker-26] INFO  o.e.m.c.i.embedder.EclipseLogger - Using 'UTF-8' encoding to copy filtered resources.
2014-05-28 16:41:13,822 [Worker-26] INFO  o.e.m.c.i.embedder.EclipseLogger - Copying 0 resource
2014-05-28 16:42:48,221 [Worker-38] INFO  o.e.m.c.i.embedder.EclipseLogger - Using 'UTF-8' encoding to copy filtered resources.
2014-05-28 16:42:48,222 [Worker-38] INFO  o.e.m.c.i.embedder.EclipseLogger - Copying 0 resource
2014-05-28 16:42:48,223 [Worker-38] INFO  o.e.m.c.i.embedder.EclipseLogger - Using 'UTF-8' encoding to copy filtered resources.
2014-05-28 16:42:48,223 [Worker-38] INFO  o.e.m.c.i.embedder.EclipseLogger - Copying 0 resource
2014-05-28 16:43:40,358 [Worker-34] INFO  o.e.m.c.i.embedder.EclipseLogger - Using 'UTF-8' encoding to copy filtered resources.
2014-05-28 16:43:40,358 [Worker-34] INFO  o.e.m.c.i.embedder.EclipseLogger - Copying 0 resource
2014-05-28 16:43:40,360 [Worker-34] INFO  o.e.m.c.i.embedder.EclipseLogger - Using 'UTF-8' encoding to copy filtered resources.
2014-05-28 16:43:40,360 [Worker-34] INFO  o.e.m.c.i.embedder.EclipseLogger - Copying 0 resource
2014-05-28 16:44:21,519 [Worker-36] INFO  o.e.m.c.i.embedder.EclipseLogger - Using 'UTF-8' encoding to copy filtered resources.
2014-05-28 16:44:21,519 [Worker-36] INFO  o.e.m.c.i.embedder.EclipseLogger - Copying 0 resource
2014-05-28 16:44:21,520 [Worker-36] INFO  o.e.m.c.i.embedder.EclipseLogger - Using 'UTF-8' encoding to copy filtered resources.
2014-05-28 16:44:21,520 [Worker-36] INFO  o.e.m.c.i.embedder.EclipseLogger - Copying 0 resource
2014-05-28 16:44:38,017 [Worker-34] INFO  o.e.m.c.i.embedder.EclipseLogger - Using 'UTF-8' encoding to copy filtered resources.
2014-05-28 16:44:38,017 [Worker-34] INFO  o.e.m.c.i.embedder.EclipseLogger - Copying 0 resource
2014-05-28 16:44:38,018 [Worker-34] INFO  o.e.m.c.i.embedder.EclipseLogger - Using 'UTF-8' encoding to copy filtered resources.
2014-05-28 16:44:38,018 [Worker-34] INFO  o.e.m.c.i.embedder.EclipseLogger - Copying 0 resource
2014-05-28 16:44:54,755 [Worker-34] INFO  o.e.m.c.i.embedder.EclipseLogger - Using 'UTF-8' encoding to copy filtered resources.
2014-05-28 16:44:54,755 [Worker-34] INFO  o.e.m.c.i.embedder.EclipseLogger - Copying 0 resource
2014-05-28 16:44:54,756 [Worker-34] INFO  o.e.m.c.i.embedder.EclipseLogger - Using 'UTF-8' encoding to copy filtered resources.
2014-05-28 16:44:54,757 [Worker-34] INFO  o.e.m.c.i.embedder.EclipseLogger - Copying 0 resource
2014-05-28 16:47:29,292 [Worker-34] INFO  o.e.m.c.i.embedder.EclipseLogger - Using 'UTF-8' encoding to copy filtered resources.
2014-05-28 16:47:29,292 [Worker-34] INFO  o.e.m.c.i.embedder.EclipseLogger - Copying 0 resource
2014-05-28 16:47:29,293 [Worker-34] INFO  o.e.m.c.i.embedder.EclipseLogger - Using 'UTF-8' encoding to copy filtered resources.
2014-05-28 16:47:29,293 [Worker-34] INFO  o.e.m.c.i.embedder.EclipseLogger - Copying 0 resource
2014-05-28 16:47:46,365 [Worker-43] INFO  o.e.m.c.i.embedder.EclipseLogger - Using 'UTF-8' encoding to copy filtered resources.
2014-05-28 16:47:46,365 [Worker-43] INFO  o.e.m.c.i.embedder.EclipseLogger - Copying 0 resource
2014-05-28 16:47:46,366 [Worker-43] INFO  o.e.m.c.i.embedder.EclipseLogger - Using 'UTF-8' encoding to copy filtered resources.
2014-05-28 16:47:46,366 [Worker-43] INFO  o.e.m.c.i.embedder.EclipseLogger - Copying 0 resource
2014-05-28 16:48:11,794 [Worker-41] INFO  o.e.m.c.i.embedder.EclipseLogger - Using 'UTF-8' encoding to copy filtered resources.
2014-05-28 16:48:11,794 [Worker-41] INFO  o.e.m.c.i.embedder.EclipseLogger - Copying 0 resource
2014-05-28 16:48:11,795 [Worker-41] INFO  o.e.m.c.i.embedder.EclipseLogger - Using 'UTF-8' encoding to copy filtered resources.
2014-05-28 16:48:11,795 [Worker-41] INFO  o.e.m.c.i.embedder.EclipseLogger - Copying 0 resource
2014-05-28 16:48:37,686 [Worker-32] INFO  o.e.m.c.i.embedder.EclipseLogger - Using 'UTF-8' encoding to copy filtered resources.
2014-05-28 16:48:37,687 [Worker-32] INFO  o.e.m.c.i.embedder.EclipseLogger - Copying 0 resource
2014-05-28 16:48:37,688 [Worker-32] INFO  o.e.m.c.i.embedder.EclipseLogger - Using 'UTF-8' encoding to copy filtered resources.
2014-05-28 16:48:37,688 [Worker-32] INFO  o.e.m.c.i.embedder.EclipseLogger - Copying 0 resource
2014-05-28 16:49:59,804 [Worker-44] INFO  o.e.m.c.i.embedder.EclipseLogger - Using 'UTF-8' encoding to copy filtered resources.
2014-05-28 16:49:59,804 [Worker-44] INFO  o.e.m.c.i.embedder.EclipseLogger - Copying 0 resource
2014-05-28 16:49:59,805 [Worker-44] INFO  o.e.m.c.i.embedder.EclipseLogger - Using 'UTF-8' encoding to copy filtered resources.
2014-05-28 16:49:59,806 [Worker-44] INFO  o.e.m.c.i.embedder.EclipseLogger - Copying 0 resource
2014-05-28 16:50:24,852 [Worker-34] INFO  o.e.m.c.i.embedder.EclipseLogger - Using 'UTF-8' encoding to copy filtered resources.
2014-05-28 16:50:24,852 [Worker-34] INFO  o.e.m.c.i.embedder.EclipseLogger - Copying 0 resource
2014-05-28 16:50:24,854 [Worker-34] INFO  o.e.m.c.i.embedder.EclipseLogger - Using 'UTF-8' encoding to copy filtered resources.
2014-05-28 16:50:24,854 [Worker-34] INFO  o.e.m.c.i.embedder.EclipseLogger - Copying 0 resource
2014-05-28 16:50:56,429 [Worker-41] INFO  o.e.m.c.i.embedder.EclipseLogger - Using 'UTF-8' encoding to copy filtered resources.
2014-05-28 16:50:56,429 [Worker-41] INFO  o.e.m.c.i.embedder.EclipseLogger - Copying 0 resource
2014-05-28 16:50:56,430 [Worker-41] INFO  o.e.m.c.i.embedder.EclipseLogger - Using 'UTF-8' encoding to copy filtered resources.
2014-05-28 16:50:56,431 [Worker-41] INFO  o.e.m.c.i.embedder.EclipseLogger - Copying 0 resource
2014-05-28 16:51:35,473 [Worker-41] INFO  o.e.m.c.i.embedder.EclipseLogger - Using 'UTF-8' encoding to copy filtered resources.
2014-05-28 16:51:35,473 [Worker-41] INFO  o.e.m.c.i.embedder.EclipseLogger - Copying 0 resource
2014-05-28 16:51:35,474 [Worker-41] INFO  o.e.m.c.i.embedder.EclipseLogger - Using 'UTF-8' encoding to copy filtered resources.
2014-05-28 16:51:35,474 [Worker-41] INFO  o.e.m.c.i.embedder.EclipseLogger - Copying 0 resource
2014-05-28 16:51:53,701 [Worker-42] INFO  o.e.m.c.i.embedder.EclipseLogger - Using 'UTF-8' encoding to copy filtered resources.
2014-05-28 16:51:53,702 [Worker-42] INFO  o.e.m.c.i.embedder.EclipseLogger - Copying 0 resource
2014-05-28 16:51:53,702 [Worker-42] INFO  o.e.m.c.i.embedder.EclipseLogger - Using 'UTF-8' encoding to copy filtered resources.
2014-05-28 16:51:53,703 [Worker-42] INFO  o.e.m.c.i.embedder.EclipseLogger - Copying 0 resource
2014-05-28 16:52:17,303 [Worker-41] INFO  o.e.m.c.i.embedder.EclipseLogger - Using 'UTF-8' encoding to copy filtered resources.
2014-05-28 16:52:17,304 [Worker-41] INFO  o.e.m.c.i.embedder.EclipseLogger - Copying 0 resource
2014-05-28 16:52:17,305 [Worker-41] INFO  o.e.m.c.i.embedder.EclipseLogger - Using 'UTF-8' encoding to copy filtered resources.
2014-05-28 16:52:17,305 [Worker-41] INFO  o.e.m.c.i.embedder.EclipseLogger - Copying 0 resource
2014-05-28 16:52:34,828 [Worker-41] INFO  o.e.m.c.i.embedder.EclipseLogger - Using 'UTF-8' encoding to copy filtered resources.
2014-05-28 16:52:34,828 [Worker-41] INFO  o.e.m.c.i.embedder.EclipseLogger - Copying 0 resource
2014-05-28 16:52:34,829 [Worker-41] INFO  o.e.m.c.i.embedder.EclipseLogger - Using 'UTF-8' encoding to copy filtered resources.
2014-05-28 16:52:34,829 [Worker-41] INFO  o.e.m.c.i.embedder.EclipseLogger - Copying 0 resource
2014-05-28 16:52:49,485 [Worker-43] INFO  o.e.m.c.i.embedder.EclipseLogger - Using 'UTF-8' encoding to copy filtered resources.
2014-05-28 16:52:49,485 [Worker-43] INFO  o.e.m.c.i.embedder.EclipseLogger - Copying 0 resource
2014-05-28 16:52:49,486 [Worker-43] INFO  o.e.m.c.i.embedder.EclipseLogger - Using 'UTF-8' encoding to copy filtered resources.
2014-05-28 16:52:49,486 [Worker-43] INFO  o.e.m.c.i.embedder.EclipseLogger - Copying 0 resource
2014-05-28 16:53:18,991 [Worker-43] INFO  o.e.m.c.i.embedder.EclipseLogger - Using 'UTF-8' encoding to copy filtered resources.
2014-05-28 16:53:18,991 [Worker-43] INFO  o.e.m.c.i.embedder.EclipseLogger - Copying 0 resource
2014-05-28 16:53:18,993 [Worker-43] INFO  o.e.m.c.i.embedder.EclipseLogger - Using 'UTF-8' encoding to copy filtered resources.
2014-05-28 16:53:18,993 [Worker-43] INFO  o.e.m.c.i.embedder.EclipseLogger - Copying 0 resource
2014-05-28 16:53:46,646 [Worker-40] INFO  o.e.m.c.i.embedder.EclipseLogger - Using 'UTF-8' encoding to copy filtered resources.
2014-05-28 16:53:46,646 [Worker-40] INFO  o.e.m.c.i.embedder.EclipseLogger - Copying 0 resource
2014-05-28 16:53:46,647 [Worker-40] INFO  o.e.m.c.i.embedder.EclipseLogger - Using 'UTF-8' encoding to copy filtered resources.
2014-05-28 16:53:46,647 [Worker-40] INFO  o.e.m.c.i.embedder.EclipseLogger - Copying 0 resource
2014-05-28 16:53:59,057 [Worker-42] INFO  o.e.m.c.i.embedder.EclipseLogger - Using 'UTF-8' encoding to copy filtered resources.
2014-05-28 16:53:59,057 [Worker-42] INFO  o.e.m.c.i.embedder.EclipseLogger - Copying 0 resource
2014-05-28 16:53:59,059 [Worker-42] INFO  o.e.m.c.i.embedder.EclipseLogger - Using 'UTF-8' encoding to copy filtered resources.
2014-05-28 16:53:59,059 [Worker-42] INFO  o.e.m.c.i.embedder.EclipseLogger - Copying 0 resource
